2018-04-11 15:24:44,239 [Worker-28] INFO  o.e.m.c.i.l.LifecycleMappingFactory - Using org.eclipse.m2e.jdt.JarLifecycleMapping lifecycle mapping for MavenProject: com.objectdb.tutorial:Points:1.0 @ G:\GITHUB\Graduation-project\InterimReviews\objectDB\points-console\points-console\pom.xml.
2018-04-11 15:24:46,592 [Worker-28] INFO  o.e.m.c.i.e.AbstractTransferListenerAdapter - Downloading http://m2.objectdb.com/com/objectdb/objectdb/2.6.9/objectdb-2.6.9.pom
2018-04-11 15:24:47,272 [Worker-28] INFO  o.e.m.c.i.e.AbstractTransferListenerAdapter - Downloaded http://m2.objectdb.com/com/objectdb/objectdb/2.6.9/objectdb-2.6.9.pom
2018-04-11 15:24:47,985 [Worker-28] INFO  o.e.m.c.i.e.AbstractTransferListenerAdapter - Downloaded http://m2.objectdb.com/org/eclipse/persistence/javax.persistence/2.1.0/javax.persistence-2.1.0.pom
2018-04-11 15:24:50,428 [Worker-28] INFO  o.e.m.c.i.e.AbstractTransferListenerAdapter - Downloading https://repo.maven.apache.org/maven2/org/eclipse/persistence/javax.persistence/2.1.0/javax.persistence-2.1.0.pom
2018-04-11 15:24:50,734 [Worker-28] INFO  o.e.m.c.i.e.AbstractTransferListenerAdapter - Downloaded https://repo.maven.apache.org/maven2/org/eclipse/persistence/javax.persistence/2.1.0/javax.persistence-2.1.0.pom
2018-04-11 15:24:51,556 [Worker-28] INFO  o.e.m.c.i.e.AbstractTransferListenerAdapter - Downloaded http://m2.objectdb.com/javax/transaction/jta/1.1/jta-1.1.pom
2018-04-11 15:24:51,790 [Worker-28] INFO  o.e.m.c.i.e.AbstractTransferListenerAdapter - Downloading https://repo.maven.apache.org/maven2/javax/transaction/jta/1.1/jta-1.1.pom
2018-04-11 15:24:52,186 [Worker-28] INFO  o.e.m.c.i.e.AbstractTransferListenerAdapter - Downloaded https://repo.maven.apache.org/maven2/javax/transaction/jta/1.1/jta-1.1.pom
2018-04-11 15:24:53,409 [Worker-28] INFO  o.e.m.c.i.e.AbstractTransferListenerAdapter - Downloading http://m2.objectdb.com/com/objectdb/objectdb/2.6.9/objectdb-2.6.9.jar
2018-04-11 15:25:07,428 [Worker-28] INFO  o.e.m.c.i.e.AbstractTransferListenerAdapter - Downloaded http://m2.objectdb.com/com/objectdb/objectdb/2.6.9/objectdb-2.6.9.jar
2018-04-11 15:25:08,052 [Worker-28] INFO  o.e.m.c.i.e.AbstractTransferListenerAdapter - Downloaded http://m2.objectdb.com/org/eclipse/persistence/javax.persistence/2.1.0/javax.persistence-2.1.0.jar
2018-04-11 15:25:11,818 [Worker-28] INFO  o.e.m.c.i.e.AbstractTransferListenerAdapter - Downloaded http://m2.objectdb.com/javax/transaction/jta/1.1/jta-1.1.jar
2018-04-11 15:25:12,438 [Worker-28] INFO  o.e.m.c.i.e.AbstractTransferListenerAdapter - Downloading https://repo.maven.apache.org/maven2/org/eclipse/persistence/javax.persistence/2.1.0/javax.persistence-2.1.0.jar
2018-04-11 15:25:14,278 [Worker-28] INFO  o.e.m.c.i.e.AbstractTransferListenerAdapter - Downloaded https://repo.maven.apache.org/maven2/org/eclipse/persistence/javax.persistence/2.1.0/javax.persistence-2.1.0.jar
2018-04-11 15:25:14,667 [Worker-28] INFO  o.e.m.c.i.e.AbstractTransferListenerAdapter - Downloading https://repo.maven.apache.org/maven2/javax/transaction/jta/1.1/jta-1.1.jar
2018-04-11 15:25:15,209 [Worker-28] INFO  o.e.m.c.i.e.AbstractTransferListenerAdapter - Downloaded https://repo.maven.apache.org/maven2/javax/transaction/jta/1.1/jta-1.1.jar
2018-04-11 15:25:17,359 [Worker-28] INFO  o.e.m.j.i.AbstractJavaProjectConfigurator - Adding source folder /Points/src/main/java
2018-04-11 15:25:17,359 [Worker-28] INFO  o.e.m.j.i.AbstractJavaProjectConfigurator - Adding resource folder /Points/src/main/resources
2018-04-11 15:25:17,368 [Worker-28] INFO  o.e.m.j.i.AbstractJavaProjectConfigurator - Adding source folder /Points/src/test/java
2018-04-11 15:25:17,557 [Worker-28] INFO  o.e.m.c.i.p.ProjectConfigurationManager - Imported and configured 1 project(s) in 35 sec
2018-04-11 15:25:18,510 [Worker-27] INFO  o.e.m.c.i.embedder.EclipseLogger - Using 'UTF-8' encoding to copy filtered resources.
2018-04-11 15:25:18,523 [Worker-27] INFO  o.e.m.c.i.embedder.EclipseLogger - Copying 0 resource
2018-04-11 15:25:18,526 [Worker-27] INFO  o.e.m.c.i.embedder.EclipseLogger - Using 'UTF-8' encoding to copy filtered resources.
2018-04-11 15:25:18,528 [Worker-27] INFO  o.e.m.c.i.embedder.EclipseLogger - skip non existing resourceDirectory G:\GITHUB\Graduation-project\InterimReviews\objectDB\points-console\points-console\src\test\resources
2018-04-11 15:26:35,443 [Worker-8] INFO  o.e.m.c.i.embedder.EclipseLogger - Using 'UTF-8' encoding to copy filtered resources.
2018-04-11 15:26:35,457 [Worker-8] INFO  o.e.m.c.i.embedder.EclipseLogger - Copying 0 resource
2018-04-11 15:26:35,461 [Worker-8] INFO  o.e.m.c.i.embedder.EclipseLogger - Using 'UTF-8' encoding to copy filtered resources.
2018-04-11 15:26:35,462 [Worker-8] INFO  o.e.m.c.i.embedder.EclipseLogger - skip non existing resourceDirectory G:\GITHUB\Graduation-project\InterimReviews\objectDB\points-console\points-console\src\test\resources
